#
# There is insufficient memory for the Java Runtime Environment to continue.
# Native memory allocation (malloc) failed to allocate 1048576 bytes. Error detail: AllocateHeap
# Possible reasons:
#   The system is out of physical RAM or swap space
#   This process is running with CompressedOops enabled, and the Java Heap may be blocking the growth of the native heap
# Possible solutions:
#   Reduce memory load on the system
#   Increase physical memory or swap space
#   Check if swap backing store is full
#   Decrease Java heap size (-Xmx/-Xms)
#   Decrease number of Java threads
#   Decrease Java thread stack sizes (-Xss)
#   Set larger code cache with -XX:ReservedCodeCacheSize=
#   JVM is running with Unscaled Compressed Oops mode in which the Java heap is
#     placed in the first 4GB address space. The Java Heap base address is the
#     maximum limit for the native heap growth. Please use -XX:HeapBaseMinAddress
#     to set the Java Heap base and to place the Java Heap above 4GB virtual address.
# This output file may be truncated or incomplete.
#
#  Out of Memory Error (allocation.cpp:44), pid=59860, tid=61456
#
# JRE version: OpenJDK Runtime Environment Temurin-21.0.8+9 (21.0.8+9) (build 21.0.8+9-LTS)
# Java VM: OpenJDK 64-Bit Server VM Temurin-21.0.8+9 (21.0.8+9-LTS, mixed mode, sharing, tiered, compressed oops, compressed class ptrs, parallel gc, windows-amd64)
# No core dump will be written. Minidumps are not enabled by default on client versions of Windows
#

---------------  S U M M A R Y ------------

Command Line: --add-modules=ALL-SYSTEM --add-opens=java.base/java.util=ALL-UNNAMED --add-opens=java.base/java.lang=ALL-UNNAMED --add-opens=java.base/sun.nio.fs=ALL-UNNAMED -Declipse.application=org.eclipse.jdt.ls.core.id1 -Dosgi.bundles.defaultStartLevel=4 -Declipse.product=org.eclipse.jdt.ls.core.product -Djava.import.generatesMetadataFilesAtProjectRoot=false -DDetectVMInstallationsJob.disabled=true -Dfile.encoding=utf8 -XX:+UseParallelGC -XX:GCTimeRatio=4 -XX:AdaptiveSizePolicyWeight=90 -Dsun.zip.disableMemoryMapping=true -Xmx2G -Xms100m -Xlog:disable -javaagent:c:\Users\carol\.vscode\extensions\redhat.java-1.45.0-win32-x64\lombok\lombok-1.18.39-4050.jar -XX:+HeapDumpOnOutOfMemoryError -XX:HeapDumpPath=c:\Users\carol\AppData\Roaming\Code\User\workspaceStorage\618500fd919864b5484059fab9739cbe\redhat.java -Daether.dependencyCollector.impl=bf c:\Users\carol\.vscode\extensions\redhat.java-1.45.0-win32-x64\server\plugins\org.eclipse.equinox.launcher_1.7.0.v20250519-0528.jar -configuration c:\Users\carol\AppData\Roaming\Code\User\globalStorage\redhat.java\1.45.0\config_win -data c:\Users\carol\AppData\Roaming\Code\User\workspaceStorage\618500fd919864b5484059fab9739cbe\redhat.java\jdt_ws --pipe=\\.\pipe\lsp-46edfc3a263efff0fd46bb9ed80af3e3-sock

Host: Intel(R) Core(TM) Ultra 9 185H, 22 cores, 31G,  Windows 11 , 64 bit Build 26100 (10.0.26100.5074)
Time: Wed Oct  1 03:24:38 2025 elapsed time: 131775.094253 seconds (1d 12h 36m 15s)

---------------  T H R E A D  ---------------

Current thread (0x000001536e9158b0):  JavaThread "Attach Listener" daemon [_thread_in_vm, id=61456, stack(0x00000024f6100000,0x00000024f6200000) (1024K)]

Stack: [0x00000024f6100000,0x00000024f6200000]
Native frames: (J=compiled Java code, j=interpreted, Vv=VM code, C=native code)
V  [jvm.dll+0x6d2449]
V  [jvm.dll+0x8ae341]
V  [jvm.dll+0x8b08be]
V  [jvm.dll+0x8b0fa3]
V  [jvm.dll+0x280c96]
V  [jvm.dll+0xc0347]
V  [jvm.dll+0x6d2cf9]
V  [jvm.dll+0x131116]
V  [jvm.dll+0x3f2d16]
V  [jvm.dll+0x857e6b]
V  [jvm.dll+0x6d0b0d]
C  [ucrtbase.dll+0x37b0]
C  [KERNEL32.DLL+0x2e8d7]
C  [ntdll.dll+0x8d9c]


---------------  P R O C E S S  ---------------

Threads class SMR info:
_java_thread_list=0x0000015376b9a710, length=49, elements={
0x0000015356b3ad70, 0x000001536e90e700, 0x000001536e910620, 0x000001536e914780,
0x000001536e9158b0, 0x000001536e916ea0, 0x000001536e917530, 0x0000015356beef20,
0x0000015356bf82a0, 0x000001536e918250, 0x000001536e9188e0, 0x000001536e917bc0,
0x000001536e918f70, 0x000001536e91a320, 0x000001536e919c90, 0x0000015375e76490,
0x0000015375e736a0, 0x0000015375e73d30, 0x0000015375e750e0, 0x0000015375e75770,
0x0000015375e74a50, 0x0000015375e79910, 0x0000015375e79280, 0x0000015375e78bf0,
0x0000015375e79fa0, 0x0000015375e7a630, 0x0000015375e7acc0, 0x000001537706aaa0,
0x000001537706be50, 0x000001537706df20, 0x000001537706b7c0, 0x000001537706cb70,
0x000001537706d890, 0x000001537706b130, 0x000001537706c4e0, 0x000001537706d200,
0x0000015377014240, 0x0000015377015c80, 0x0000015377012e90, 0x0000015377014f60,
0x00000153770155f0, 0x0000015377012800, 0x0000015377013bb0, 0x0000015377016310,
0x0000015377013520, 0x00000153770176c0, 0x0000015377017030, 0x0000015377017d50,
0x0000015375e6da30
}

Java Threads: ( => current thread )
  0x0000015356b3ad70 JavaThread "main"                              [_thread_blocked, id=32344, stack(0x00000024f5a00000,0x00000024f5b00000) (1024K)]
  0x000001536e90e700 JavaThread "Reference Handler"          daemon [_thread_blocked, id=62236, stack(0x00000024f5e00000,0x00000024f5f00000) (1024K)]
  0x000001536e910620 JavaThread "Finalizer"                  daemon [_thread_blocked, id=50572, stack(0x00000024f5f00000,0x00000024f6000000) (1024K)]
  0x000001536e914780 JavaThread "Signal Dispatcher"          daemon [_thread_blocked, id=56736, stack(0x00000024f6000000,0x00000024f6100000) (1024K)]
=>0x000001536e9158b0 JavaThread "Attach Listener"            daemon [_thread_in_vm, id=61456, stack(0x00000024f6100000,0x00000024f6200000) (1024K)]
  0x000001536e916ea0 JavaThread "Service Thread"             daemon [_thread_blocked, id=56344, stack(0x00000024f6200000,0x00000024f6300000) (1024K)]
  0x000001536e917530 JavaThread "Monitor Deflation Thread"   daemon [_thread_blocked, id=60672, stack(0x00000024f6300000,0x00000024f6400000) (1024K)]
  0x0000015356beef20 JavaThread "C2 CompilerThread0"         daemon [_thread_blocked, id=51600, stack(0x00000024f6400000,0x00000024f6500000) (1024K)]
  0x0000015356bf82a0 JavaThread "C1 CompilerThread0"         daemon [_thread_blocked, id=50180, stack(0x00000024f6500000,0x00000024f6600000) (1024K)]
  0x000001536e918250 JavaThread "Common-Cleaner"             daemon [_thread_blocked, id=59760, stack(0x00000024f6600000,0x00000024f6700000) (1024K)]
  0x000001536e9188e0 JavaThread "Notification Thread"        daemon [_thread_blocked, id=60976, stack(0x00000024f6b00000,0x00000024f6c00000) (1024K)]
  0x000001536e917bc0 JavaThread "Active Thread: Equinox Container: fa38ba37-3743-4b53-9aff-5be4c236af5e"        [_thread_blocked, id=57676, stack(0x00000024f7400000,0x00000024f7500000) (1024K)]
  0x000001536e918f70 JavaThread "Refresh Thread: Equinox Container: fa38ba37-3743-4b53-9aff-5be4c236af5e" daemon [_thread_blocked, id=62072, stack(0x00000024f7600000,0x00000024f7700000) (1024K)]
  0x000001536e91a320 JavaThread "Framework Event Dispatcher: Equinox Container: fa38ba37-3743-4b53-9aff-5be4c236af5e" daemon [_thread_blocked, id=61328, stack(0x00000024f7700000,0x00000024f7800000) (1024K)]
  0x000001536e919c90 JavaThread "Start Level: Equinox Container: fa38ba37-3743-4b53-9aff-5be4c236af5e" daemon [_thread_blocked, id=49044, stack(0x00000024f7800000,0x00000024f7900000) (1024K)]
  0x0000015375e76490 JavaThread "Bundle File Closer"         daemon [_thread_blocked, id=57208, stack(0x00000024f7c00000,0x00000024f7d00000) (1024K)]
  0x0000015375e736a0 JavaThread "SCR Component Actor"        daemon [_thread_blocked, id=56896, stack(0x00000024f7d00000,0x00000024f7e00000) (1024K)]
  0x0000015375e73d30 JavaThread "Worker-JM"                         [_thread_blocked, id=55764, stack(0x00000024f8000000,0x00000024f8100000) (1024K)]
  0x0000015375e750e0 JavaThread "Java indexing"              daemon [_thread_blocked, id=41068, stack(0x00000024f7300000,0x00000024f7400000) (1024K)]
  0x0000015375e75770 JavaThread "JNA Cleaner"                daemon [_thread_blocked, id=61888, stack(0x00000024f8700000,0x00000024f8800000) (1024K)]
  0x0000015375e74a50 JavaThread "Worker-2"                          [_thread_blocked, id=48916, stack(0x00000024f8a00000,0x00000024f8b00000) (1024K)]
  0x0000015375e79910 JavaThread "Worker-4"                          [_thread_blocked, id=59768, stack(0x00000024f8c00000,0x00000024f8d00000) (1024K)]
  0x0000015375e79280 JavaThread "Thread-2"                   daemon [_thread_in_native, id=51840, stack(0x00000024f8e00000,0x00000024f8f00000) (1024K)]
  0x0000015375e78bf0 JavaThread "Thread-3"                   daemon [_thread_in_native, id=46468, stack(0x00000024f8f00000,0x00000024f9000000) (1024K)]
  0x0000015375e79fa0 JavaThread "Thread-4"                   daemon [_thread_in_native, id=32808, stack(0x00000024f9000000,0x00000024f9100000) (1024K)]
  0x0000015375e7a630 JavaThread "Thread-5"                   daemon [_thread_in_native, id=56156, stack(0x00000024f9100000,0x00000024f9200000) (1024K)]
  0x0000015375e7acc0 JavaThread "Thread-6"                   daemon [_thread_in_native, id=55008, stack(0x00000024f9200000,0x00000024f9300000) (1024K)]
  0x000001537706aaa0 JavaThread "Thread-7"                   daemon [_thread_in_native, id=14248, stack(0x00000024f9300000,0x00000024f9400000) (1024K)]
  0x000001537706be50 JavaThread "Thread-8"                   daemon [_thread_in_native, id=57332, stack(0x00000024f9400000,0x00000024f9500000) (1024K)]
  0x000001537706df20 JavaThread "Thread-9"                   daemon [_thread_in_native, id=58288, stack(0x00000024f9500000,0x00000024f9600000) (1024K)]
  0x000001537706b7c0 JavaThread "Thread-10"                  daemon [_thread_in_native, id=61964, stack(0x00000024f9600000,0x00000024f9700000) (1024K)]
  0x000001537706cb70 JavaThread "Thread-11"                  daemon [_thread_in_native, id=56956, stack(0x00000024f9700000,0x00000024f9800000) (1024K)]
  0x000001537706d890 JavaThread "Thread-12"                  daemon [_thread_in_native, id=59612, stack(0x00000024f9800000,0x00000024f9900000) (1024K)]
  0x000001537706b130 JavaThread "Thread-13"                  daemon [_thread_in_native, id=58608, stack(0x00000024f9900000,0x00000024f9a00000) (1024K)]
  0x000001537706c4e0 JavaThread "Thread-14"                  daemon [_thread_in_native, id=57320, stack(0x00000024f9a00000,0x00000024f9b00000) (1024K)]
  0x000001537706d200 JavaThread "Thread-15"                  daemon [_thread_in_native, id=57256, stack(0x00000024f9b00000,0x00000024f9c00000) (1024K)]
  0x0000015377014240 JavaThread "Thread-16"                  daemon [_thread_in_native, id=54812, stack(0x00000024f9c00000,0x00000024f9d00000) (1024K)]
  0x0000015377015c80 JavaThread "Thread-17"                  daemon [_thread_in_native, id=57588, stack(0x00000024f9d00000,0x00000024f9e00000) (1024K)]
  0x0000015377012e90 JavaThread "Thread-18"                  daemon [_thread_in_native, id=47952, stack(0x00000024f9e00000,0x00000024f9f00000) (1024K)]
  0x0000015377014f60 JavaThread "Thread-19"                  daemon [_thread_in_native, id=51032, stack(0x00000024f9f00000,0x00000024fa000000) (1024K)]
  0x00000153770155f0 JavaThread "Thread-20"                  daemon [_thread_in_native, id=31504, stack(0x00000024fa000000,0x00000024fa100000) (1024K)]
  0x0000015377012800 JavaThread "Thread-21"                  daemon [_thread_in_native, id=41940, stack(0x00000024fa100000,0x00000024fa200000) (1024K)]
  0x0000015377013bb0 JavaThread "Thread-22"                  daemon [_thread_in_native, id=43876, stack(0x00000024fa200000,0x00000024fa300000) (1024K)]
  0x0000015377016310 JavaThread "Thread-23"                  daemon [_thread_in_native, id=56716, stack(0x00000024fa300000,0x00000024fa400000) (1024K)]
  0x0000015377013520 JavaThread "Thread-24"                  daemon [_thread_in_native, id=56300, stack(0x00000024fa400000,0x00000024fa500000) (1024K)]
  0x00000153770176c0 JavaThread "pool-2-thread-1"                   [_thread_blocked, id=52168, stack(0x00000024fa800000,0x00000024fa900000) (1024K)]
  0x0000015377017030 JavaThread "WorkspaceEventsHandler"            [_thread_blocked, id=58884, stack(0x00000024fac00000,0x00000024fad00000) (1024K)]
  0x0000015377017d50 JavaThread "pool-1-thread-1"                   [_thread_blocked, id=28056, stack(0x00000024fad00000,0x00000024fae00000) (1024K)]
  0x0000015375e6da30 JavaThread "Cleaner-0"                  daemon [_thread_blocked, id=61348, stack(0x00000024fc000000,0x00000024fc100000) (1024K)]
Total: 49

Other Threads:
  0x0000015356ad4470 VMThread "VM Thread"                           [id=62228, stack(0x00000024f5d00000,0x00000024f5e00000) (1024K)]
  0x00000153569cca00 WatcherThread "VM Periodic Task Thread"        [id=56732, stack(0x00000024f5c00000,0x00000024f5d00000) (1024K)]
  0x0000015356b59150 WorkerThread "GC Thread#0"                     [id=58856, stack(0x00000024f5b00000,0x00000024f5c00000) (1024K)]
  0x00000153754c04a0 WorkerThread "GC Thread#1"                     [id=45456, stack(0x00000024f6d00000,0x00000024f6e00000) (1024K)]
  0x00000153754c0840 WorkerThread "GC Thread#2"                     [id=53876, stack(0x00000024f6e00000,0x00000024f6f00000) (1024K)]
  0x000001537572acd0 WorkerThread "GC Thread#3"                     [id=37468, stack(0x00000024f6f00000,0x00000024f7000000) (1024K)]
  0x000001537572b070 WorkerThread "GC Thread#4"                     [id=56828, stack(0x00000024f7000000,0x00000024f7100000) (1024K)]
  0x0000015375b9c4e0 WorkerThread "GC Thread#5"                     [id=60836, stack(0x00000024f7100000,0x00000024f7200000) (1024K)]
  0x0000015375b9c880 WorkerThread "GC Thread#6"                     [id=53988, stack(0x00000024f7200000,0x00000024f7300000) (1024K)]
  0x0000015375c8eef0 WorkerThread "GC Thread#7"                     [id=43540, stack(0x00000024f7500000,0x00000024f7600000) (1024K)]
  0x0000015375b0bb50 WorkerThread "GC Thread#8"                     [id=40204, stack(0x00000024f7900000,0x00000024f7a00000) (1024K)]
  0x0000015375b0d110 WorkerThread "GC Thread#9"                     [id=58324, stack(0x00000024f7a00000,0x00000024f7b00000) (1024K)]
  0x0000015375b0bef0 WorkerThread "GC Thread#10"                    [id=54884, stack(0x00000024f7b00000,0x00000024f7c00000) (1024K)]
  0x0000015375b0c290 WorkerThread "GC Thread#11"                    [id=47244, stack(0x00000024f7f00000,0x00000024f8000000) (1024K)]
  0x0000015375e0f120 WorkerThread "GC Thread#12"                    [id=56232, stack(0x00000024f8100000,0x00000024f8200000) (1024K)]
  0x0000015375e0e9e0 WorkerThread "GC Thread#13"                    [id=57144, stack(0x00000024f8200000,0x00000024f8300000) (1024K)]
  0x0000015375e0b720 WorkerThread "GC Thread#14"                    [id=59092, stack(0x00000024f8300000,0x00000024f8400000) (1024K)]
  0x0000015375e0df00 WorkerThread "GC Thread#15"                    [id=54516, stack(0x00000024f8600000,0x00000024f8700000) (1024K)]
Total: 18

Threads with active compile tasks:
Total: 0

VM state: not at safepoint (normal execution)

VM Mutex/Monitor currently owned by a thread: None

Heap address: 0x0000000080000000, size: 2048 MB, Compressed Oops mode: 32-bit

CDS archive(s) mapped at: [0x0000015300000000-0x0000015300ba0000-0x0000015300ba0000), size 12189696, SharedBaseAddress: 0x0000015300000000, ArchiveRelocationMode: 1.
Compressed class space mapped at: 0x0000015301000000-0x0000015341000000, reserved size: 1073741824
Narrow klass base: 0x0000015300000000, Narrow klass shift: 0, Narrow klass range: 0x100000000

GC Precious Log:
 CardTable entry size: 512
 CPUs: 22 total, 22 available
 Memory: 32373M
 Large Page Support: Disabled
 NUMA Support: Disabled
 Compressed Oops: Enabled (32-bit)
 Alignments: Space 512K, Generation 512K, Heap 2M
 Heap Min Capacity: 100M
 Heap Initial Capacity: 100M
 Heap Max Capacity: 2G
 Pre-touch: Disabled
 Parallel Workers: 16

Heap:
 PSYoungGen      total 4096K, used 3287K [0x00000000d5580000, 0x00000000d5d00000, 0x0000000100000000)
  eden space 3072K, 87% used [0x00000000d5580000,0x00000000d581dce0,0x00000000d5880000)
  from space 1024K, 59% used [0x00000000d5c00000,0x00000000d5c98020,0x00000000d5d00000)
  to   space 1024K, 0% used [0x00000000d5b00000,0x00000000d5b00000,0x00000000d5c00000)
 ParOldGen       total 570880K, used 570704K [0x0000000080000000, 0x00000000a2d80000, 0x00000000d5580000)
  object space 570880K, 99% used [0x0000000080000000,0x00000000a2d542d0,0x00000000a2d80000)
 Metaspace       used 70495K, committed 72000K, reserved 1114112K
  class space    used 7572K, committed 8256K, reserved 1048576K

Card table byte_map: [0x00000153564e0000,0x00000153568f0000] _byte_map_base: 0x00000153560e0000

Marking Bits: (ParMarkBitMap*) 0x00007ffa3d28a340
 Begin Bits: [0x0000015368fe0000, 0x000001536afe0000)
 End Bits:   [0x000001536afe0000, 0x000001536cfe0000)

Polling page: 0x0000015354a40000

Metaspace:

Usage:
  Non-class:     61.45 MB used.
      Class:      7.40 MB used.
       Both:     68.84 MB used.

Virtual space:
  Non-class space:       64.00 MB reserved,      62.25 MB ( 97%) committed,  1 nodes.
      Class space:        1.00 GB reserved,       8.06 MB ( <1%) committed,  1 nodes.
             Both:        1.06 GB reserved,      70.31 MB (  6%) committed. 

Chunk freelists:
   Non-Class:  1.38 MB
       Class:  7.83 MB
        Both:  9.20 MB

MaxMetaspaceSize: unlimited
CompressedClassSpaceSize: 1.00 GB
Initial GC threshold: 21.00 MB
Current GC threshold: 97.31 MB
CDS: on
 - commit_granule_bytes: 65536.
 - commit_granule_words: 8192.
 - virtual_space_node_default_size: 8388608.
 - enlarge_chunks_in_place: 1.
 - use_allocation_guard: 0.


Internal statistics:

num_allocs_failed_limit: 9.
num_arena_births: 1192.
num_arena_deaths: 22.
num_vsnodes_births: 2.
num_vsnodes_deaths: 0.
num_space_committed: 1125.
num_space_uncommitted: 0.
num_chunks_returned_to_freelist: 34.
num_chunks_taken_from_freelist: 4304.
num_chunk_merges: 16.
num_chunk_splits: 2646.
num_chunks_enlarged: 1500.
num_inconsistent_stats: 0.

CodeHeap 'non-profiled nmethods': size=119168Kb used=9562Kb max_used=9562Kb free=109605Kb
 bounds [0x00000153618d0000, 0x0000015362230000, 0x0000015368d30000]
CodeHeap 'profiled nmethods': size=119104Kb used=23809Kb max_used=23809Kb free=95294Kb
 bounds [0x0000015359d30000, 0x000001535b480000, 0x0000015361180000]
CodeHeap 'non-nmethods': size=7488Kb used=1496Kb max_used=3270Kb free=5991Kb
 bounds [0x0000015361180000, 0x00000153614c0000, 0x00000153618d0000]
CodeCache: size=245760Kb, used=34867Kb, max_used=36641Kb, free=210890Kb
 total_blobs=11211, nmethods=10391, adapters=725, full_count=0
Compilation: enabled, stopped_count=0, restarted_count=0

Compilation events (20 events):
Event: 112641.189 Thread 0x0000015356beef20 11213       4       java.util.concurrent.locks.AbstractQueuedSynchronizer$Node::clearStatus (12 bytes)
Event: 112641.190 Thread 0x0000015356beef20 nmethod 11213 0x0000015362222090 code [0x0000015362222220, 0x00000153622222b0]
Event: 112643.196 Thread 0x0000015356beef20 11214   !   4       java.util.concurrent.locks.AbstractQueuedSynchronizer::tryInitializeHead (66 bytes)
Event: 112643.198 Thread 0x0000015356beef20 nmethod 11214 0x0000015362222390 code [0x0000015362222520, 0x00000153622226e0]
Event: 114338.763 Thread 0x0000015356bf82a0 11215       3       org.eclipse.core.internal.jobs.InternalJob::remove (48 bytes)
Event: 114338.763 Thread 0x0000015356bf82a0 nmethod 11215 0x000001535b470190 code [0x000001535b470340, 0x000001535b470558]
Event: 114338.763 Thread 0x0000015356bf82a0 11216       1       org.eclipse.core.internal.jobs.JobManager::getLockManager (5 bytes)
Event: 114338.764 Thread 0x0000015356bf82a0 nmethod 11216 0x0000015362222810 code [0x00000153622229a0, 0x0000015362222a68]
Event: 114921.705 Thread 0x0000015356beef20 11217   !   4       java.util.concurrent.locks.AbstractQueuedSynchronizer$ConditionObject::newConditionNode (78 bytes)
Event: 114921.710 Thread 0x0000015356beef20 nmethod 11217 0x0000015362222b10 code [0x0000015362222d00, 0x0000015362223098]
Event: 114921.710 Thread 0x0000015356beef20 11218       4       java.util.concurrent.locks.AbstractQueuedSynchronizer$ConditionObject::enableWait (84 bytes)
Event: 114921.713 Thread 0x0000015356beef20 nmethod 11218 0x0000015362223390 code [0x0000015362223560, 0x0000015362223868]
Event: 115095.101 Thread 0x0000015356beef20 11219       4       java.util.concurrent.locks.AbstractQueuedSynchronizer$ConditionObject::canReacquire (38 bytes)
Event: 115095.102 Thread 0x0000015356beef20 nmethod 11219 0x0000015362223b10 code [0x0000015362223ca0, 0x0000015362223db0]
Event: 115335.254 Thread 0x0000015356beef20 11220       4       java.util.concurrent.locks.AbstractQueuedSynchronizer$ConditionObject::unlinkCancelledWaiters (91 bytes)
Event: 115335.256 Thread 0x0000015356beef20 nmethod 11220 0x0000015362223e90 code [0x0000015362224020, 0x0000015362224188]
Event: 117038.847 Thread 0x0000015356beef20 11221       4       org.eclipse.core.internal.resources.MarkerAttributeMap::shareStrings (92 bytes)
Event: 117038.883 Thread 0x0000015356beef20 nmethod 11221 0x0000015362224310 code [0x00000153622245c0, 0x00000153622254a0]
Event: 117938.860 Thread 0x0000015356bf82a0 11222       1       org.eclipse.core.internal.jobs.InternalJob::setResult (6 bytes)
Event: 117938.860 Thread 0x0000015356bf82a0 nmethod 11222 0x0000015362226590 code [0x0000015362226720, 0x0000015362226808]

GC Heap History (20 events):
Event: 22.397 GC heap before
{Heap before GC invocations=518 (full 3):
 PSYoungGen      total 4608K, used 4288K [0x00000000d5580000, 0x00000000d5d00000, 0x0000000100000000)
  eden space 2560K, 100% used [0x00000000d5580000,0x00000000d5800000,0x00000000d5800000)
  from space 2048K, 84% used [0x00000000d5b00000,0x00000000d5cb0000,0x00000000d5d00000)
  to   space 2560K, 0% used [0x00000000d5800000,0x00000000d5800000,0x00000000d5a80000)
 ParOldGen       total 562176K, used 561928K [0x0000000080000000, 0x00000000a2500000, 0x00000000d5580000)
  object space 562176K, 99% used [0x0000000080000000,0x00000000a24c21f0,0x00000000a2500000)
 Metaspace       used 68405K, committed 69888K, reserved 1114112K
  class space    used 7315K, committed 8000K, reserved 1048576K
}
Event: 22.400 GC heap after
{Heap after GC invocations=518 (full 3):
 PSYoungGen      total 5120K, used 1984K [0x00000000d5580000, 0x00000000d5c80000, 0x0000000100000000)
  eden space 2560K, 0% used [0x00000000d5580000,0x00000000d5580000,0x00000000d5800000)
  from space 2560K, 77% used [0x00000000d5800000,0x00000000d59f0000,0x00000000d5a80000)
  to   space 2048K, 0% used [0x00000000d5a80000,0x00000000d5a80000,0x00000000d5c80000)
 ParOldGen       total 563712K, used 563472K [0x0000000080000000, 0x00000000a2680000, 0x00000000d5580000)
  object space 563712K, 99% used [0x0000000080000000,0x00000000a26441f0,0x00000000a2680000)
 Metaspace       used 68405K, committed 69888K, reserved 1114112K
  class space    used 7315K, committed 8000K, reserved 1048576K
}
Event: 22.408 GC heap before
{Heap before GC invocations=519 (full 3):
 PSYoungGen      total 5120K, used 4544K [0x00000000d5580000, 0x00000000d5c80000, 0x0000000100000000)
  eden space 2560K, 100% used [0x00000000d5580000,0x00000000d5800000,0x00000000d5800000)
  from space 2560K, 77% used [0x00000000d5800000,0x00000000d59f0000,0x00000000d5a80000)
  to   space 2048K, 0% used [0x00000000d5a80000,0x00000000d5a80000,0x00000000d5c80000)
 ParOldGen       total 563712K, used 563472K [0x0000000080000000, 0x00000000a2680000, 0x00000000d5580000)
  object space 563712K, 99% used [0x0000000080000000,0x00000000a26441f0,0x00000000a2680000)
 Metaspace       used 68427K, committed 69952K, reserved 1114112K
  class space    used 7319K, committed 8000K, reserved 1048576K
}
Event: 22.411 GC heap after
{Heap after GC invocations=519 (full 3):
 PSYoungGen      total 5120K, used 1952K [0x00000000d5580000, 0x00000000d5c80000, 0x0000000100000000)
  eden space 3072K, 0% used [0x00000000d5580000,0x00000000d5580000,0x00000000d5880000)
  from space 2048K, 95% used [0x00000000d5a80000,0x00000000d5c68000,0x00000000d5c80000)
  to   space 2048K, 0% used [0x00000000d5880000,0x00000000d5880000,0x00000000d5a80000)
 ParOldGen       total 565760K, used 565296K [0x0000000080000000, 0x00000000a2880000, 0x00000000d5580000)
  object space 565760K, 99% used [0x0000000080000000,0x00000000a280c1f0,0x00000000a2880000)
 Metaspace       used 68427K, committed 69952K, reserved 1114112K
  class space    used 7319K, committed 8000K, reserved 1048576K
}
Event: 22.420 GC heap before
{Heap before GC invocations=520 (full 3):
 PSYoungGen      total 5120K, used 5024K [0x00000000d5580000, 0x00000000d5c80000, 0x0000000100000000)
  eden space 3072K, 100% used [0x00000000d5580000,0x00000000d5880000,0x00000000d5880000)
  from space 2048K, 95% used [0x00000000d5a80000,0x00000000d5c68000,0x00000000d5c80000)
  to   space 2048K, 0% used [0x00000000d5880000,0x00000000d5880000,0x00000000d5a80000)
 ParOldGen       total 565760K, used 565296K [0x0000000080000000, 0x00000000a2880000, 0x00000000d5580000)
  object space 565760K, 99% used [0x0000000080000000,0x00000000a280c1f0,0x00000000a2880000)
 Metaspace       used 68463K, committed 69952K, reserved 1114112K
  class space    used 7322K, committed 8000K, reserved 1048576K
}
Event: 22.423 GC heap after
{Heap after GC invocations=520 (full 3):
 PSYoungGen      total 5120K, used 2048K [0x00000000d5580000, 0x00000000d6280000, 0x0000000100000000)
  eden space 3072K, 0% used [0x00000000d5580000,0x00000000d5580000,0x00000000d5880000)
  from space 2048K, 100% used [0x00000000d5880000,0x00000000d5a80000,0x00000000d5a80000)
  to   space 4608K, 0% used [0x00000000d5e00000,0x00000000d5e00000,0x00000000d6280000)
 ParOldGen       total 567296K, used 567248K [0x0000000080000000, 0x00000000a2a00000, 0x00000000d5580000)
  object space 567296K, 99% used [0x0000000080000000,0x00000000a29f41f0,0x00000000a2a00000)
 Metaspace       used 68463K, committed 69952K, reserved 1114112K
  class space    used 7322K, committed 8000K, reserved 1048576K
}
Event: 22.609 GC heap before
{Heap before GC invocations=521 (full 3):
 PSYoungGen      total 5120K, used 5117K [0x00000000d5580000, 0x00000000d6280000, 0x0000000100000000)
  eden space 3072K, 99% used [0x00000000d5580000,0x00000000d587f4a0,0x00000000d5880000)
  from space 2048K, 100% used [0x00000000d5880000,0x00000000d5a80000,0x00000000d5a80000)
  to   space 4608K, 0% used [0x00000000d5e00000,0x00000000d5e00000,0x00000000d6280000)
 ParOldGen       total 567296K, used 567248K [0x0000000080000000, 0x00000000a2a00000, 0x00000000d5580000)
  object space 567296K, 99% used [0x0000000080000000,0x00000000a29f41f0,0x00000000a2a00000)
 Metaspace       used 68852K, committed 70400K, reserved 1114112K
  class space    used 7363K, committed 8064K, reserved 1048576K
}
Event: 22.612 GC heap after
{Heap after GC invocations=521 (full 3):
 PSYoungGen      total 4096K, used 576K [0x00000000d5580000, 0x00000000d5f00000, 0x0000000100000000)
  eden space 3072K, 0% used [0x00000000d5580000,0x00000000d5580000,0x00000000d5880000)
  from space 1024K, 56% used [0x00000000d5e00000,0x00000000d5e90000,0x00000000d5f00000)
  to   space 2048K, 0% used [0x00000000d5b00000,0x00000000d5b00000,0x00000000d5d00000)
 ParOldGen       total 569344K, used 569208K [0x0000000080000000, 0x00000000a2c00000, 0x00000000d5580000)
  object space 569344K, 99% used [0x0000000080000000,0x00000000a2bde1f0,0x00000000a2c00000)
 Metaspace       used 68852K, committed 70400K, reserved 1114112K
  class space    used 7363K, committed 8064K, reserved 1048576K
}
Event: 22.687 GC heap before
{Heap before GC invocations=522 (full 3):
 PSYoungGen      total 4096K, used 3648K [0x00000000d5580000, 0x00000000d5f00000, 0x0000000100000000)
  eden space 3072K, 100% used [0x00000000d5580000,0x00000000d5880000,0x00000000d5880000)
  from space 1024K, 56% used [0x00000000d5e00000,0x00000000d5e90000,0x00000000d5f00000)
  to   space 2048K, 0% used [0x00000000d5b00000,0x00000000d5b00000,0x00000000d5d00000)
 ParOldGen       total 569344K, used 569208K [0x0000000080000000, 0x00000000a2c00000, 0x00000000d5580000)
  object space 569344K, 99% used [0x0000000080000000,0x00000000a2bde1f0,0x00000000a2c00000)
 Metaspace       used 68938K, committed 70464K, reserved 1114112K
  class space    used 7373K, committed 8064K, reserved 1048576K
}
Event: 22.689 GC heap after
{Heap after GC invocations=522 (full 3):
 PSYoungGen      total 5120K, used 1096K [0x00000000d5580000, 0x00000000d5e80000, 0x0000000100000000)
  eden space 3072K, 0% used [0x00000000d5580000,0x00000000d5580000,0x00000000d5880000)
  from space 2048K, 53% used [0x00000000d5b00000,0x00000000d5c122f0,0x00000000d5d00000)
  to   space 1536K, 0% used [0x00000000d5d00000,0x00000000d5d00000,0x00000000d5e80000)
 ParOldGen       total 569856K, used 569552K [0x0000000080000000, 0x00000000a2c80000, 0x00000000d5580000)
  object space 569856K, 99% used [0x0000000080000000,0x00000000a2c341f0,0x00000000a2c80000)
 Metaspace       used 68938K, committed 70464K, reserved 1114112K
  class space    used 7373K, committed 8064K, reserved 1048576K
}
Event: 22.713 GC heap before
{Heap before GC invocations=523 (full 3):
 PSYoungGen      total 5120K, used 4168K [0x00000000d5580000, 0x00000000d5e80000, 0x0000000100000000)
  eden space 3072K, 100% used [0x00000000d5580000,0x00000000d5880000,0x00000000d5880000)
  from space 2048K, 53% used [0x00000000d5b00000,0x00000000d5c122f0,0x00000000d5d00000)
  to   space 1536K, 0% used [0x00000000d5d00000,0x00000000d5d00000,0x00000000d5e80000)
 ParOldGen       total 569856K, used 569552K [0x0000000080000000, 0x00000000a2c80000, 0x00000000d5580000)
  object space 569856K, 99% used [0x0000000080000000,0x00000000a2c341f0,0x00000000a2c80000)
 Metaspace       used 68954K, committed 70464K, reserved 1114112K
  class space    used 7373K, committed 8064K, reserved 1048576K
}
Event: 22.715 GC heap after
{Heap after GC invocations=523 (full 3):
 PSYoungGen      total 4608K, used 1037K [0x00000000d5580000, 0x00000000d5e80000, 0x0000000100000000)
  eden space 3072K, 0% used [0x00000000d5580000,0x00000000d5580000,0x00000000d5880000)
  from space 1536K, 67% used [0x00000000d5d00000,0x00000000d5e037e8,0x00000000d5e80000)
  to   space 1536K, 0% used [0x00000000d5b80000,0x00000000d5b80000,0x00000000d5d00000)
 ParOldGen       total 570368K, used 570061K [0x0000000080000000, 0x00000000a2d00000, 0x00000000d5580000)
  object space 570368K, 99% used [0x0000000080000000,0x00000000a2cb3558,0x00000000a2d00000)
 Metaspace       used 68954K, committed 70464K, reserved 1114112K
  class space    used 7373K, committed 8064K, reserved 1048576K
}
Event: 22.858 GC heap before
{Heap before GC invocations=524 (full 3):
 PSYoungGen      total 4608K, used 4109K [0x00000000d5580000, 0x00000000d5e80000, 0x0000000100000000)
  eden space 3072K, 100% used [0x00000000d5580000,0x00000000d5880000,0x00000000d5880000)
  from space 1536K, 67% used [0x00000000d5d00000,0x00000000d5e037e8,0x00000000d5e80000)
  to   space 1536K, 0% used [0x00000000d5b80000,0x00000000d5b80000,0x00000000d5d00000)
 ParOldGen       total 570368K, used 570061K [0x0000000080000000, 0x00000000a2d00000, 0x00000000d5580000)
  object space 570368K, 99% used [0x0000000080000000,0x00000000a2cb3558,0x00000000a2d00000)
 Metaspace       used 69344K, committed 70848K, reserved 1114112K
  class space    used 7401K, committed 8064K, reserved 1048576K
}
Event: 22.861 GC heap after
{Heap after GC invocations=524 (full 3):
 PSYoungGen      total 3584K, used 384K [0x00000000d5580000, 0x00000000d5d80000, 0x0000000100000000)
  eden space 3072K, 0% used [0x00000000d5580000,0x00000000d5580000,0x00000000d5880000)
  from space 512K, 75% used [0x00000000d5b80000,0x00000000d5be0000,0x00000000d5c00000)
  to   space 1024K, 0% used [0x00000000d5c80000,0x00000000d5c80000,0x00000000d5d80000)
 ParOldGen       total 570368K, used 570077K [0x0000000080000000, 0x00000000a2d00000, 0x00000000d5580000)
  object space 570368K, 99% used [0x0000000080000000,0x00000000a2cb7558,0x00000000a2d00000)
 Metaspace       used 69344K, committed 70848K, reserved 1114112K
  class space    used 7401K, committed 8064K, reserved 1048576K
}
Event: 23.066 GC heap before
{Heap before GC invocations=525 (full 3):
 PSYoungGen      total 3584K, used 3456K [0x00000000d5580000, 0x00000000d5d80000, 0x0000000100000000)
  eden space 3072K, 100% used [0x00000000d5580000,0x00000000d5880000,0x00000000d5880000)
  from space 512K, 75% used [0x00000000d5b80000,0x00000000d5be0000,0x00000000d5c00000)
  to   space 1024K, 0% used [0x00000000d5c80000,0x00000000d5c80000,0x00000000d5d80000)
 ParOldGen       total 570368K, used 570077K [0x0000000080000000, 0x00000000a2d00000, 0x00000000d5580000)
  object space 570368K, 99% used [0x0000000080000000,0x00000000a2cb7558,0x00000000a2d00000)
 Metaspace       used 69912K, committed 71488K, reserved 1114112K
  class space    used 7506K, committed 8192K, reserved 1048576K
}
Event: 23.069 GC heap after
{Heap after GC invocations=525 (full 3):
 PSYoungGen      total 3584K, used 512K [0x00000000d5580000, 0x00000000d5d00000, 0x0000000100000000)
  eden space 3072K, 0% used [0x00000000d5580000,0x00000000d5580000,0x00000000d5880000)
  from space 512K, 100% used [0x00000000d5c80000,0x00000000d5d00000,0x00000000d5d00000)
  to   space 1024K, 0% used [0x00000000d5b00000,0x00000000d5b00000,0x00000000d5c00000)
 ParOldGen       total 570368K, used 570224K [0x0000000080000000, 0x00000000a2d00000, 0x00000000d5580000)
  object space 570368K, 99% used [0x0000000080000000,0x00000000a2cdc2d0,0x00000000a2d00000)
 Metaspace       used 69912K, committed 71488K, reserved 1114112K
  class space    used 7506K, committed 8192K, reserved 1048576K
}
Event: 31.017 GC heap before
{Heap before GC invocations=526 (full 3):
 PSYoungGen      total 3584K, used 3583K [0x00000000d5580000, 0x00000000d5d00000, 0x0000000100000000)
  eden space 3072K, 99% used [0x00000000d5580000,0x00000000d587fff8,0x00000000d5880000)
  from space 512K, 100% used [0x00000000d5c80000,0x00000000d5d00000,0x00000000d5d00000)
  to   space 1024K, 0% used [0x00000000d5b00000,0x00000000d5b00000,0x00000000d5c00000)
 ParOldGen       total 570368K, used 570224K [0x0000000080000000, 0x00000000a2d00000, 0x00000000d5580000)
  object space 570368K, 99% used [0x0000000080000000,0x00000000a2cdc2d0,0x00000000a2d00000)
 Metaspace       used 70086K, committed 71616K, reserved 1114112K
  class space    used 7522K, committed 8192K, reserved 1048576K
}
Event: 31.021 GC heap after
{Heap after GC invocations=526 (full 3):
 PSYoungGen      total 4096K, used 720K [0x00000000d5580000, 0x00000000d5d00000, 0x0000000100000000)
  eden space 3072K, 0% used [0x00000000d5580000,0x00000000d5580000,0x00000000d5880000)
  from space 1024K, 70% used [0x00000000d5b00000,0x00000000d5bb4010,0x00000000d5c00000)
  to   space 1024K, 0% used [0x00000000d5c00000,0x00000000d5c00000,0x00000000d5d00000)
 ParOldGen       total 570880K, used 570496K [0x0000000080000000, 0x00000000a2d80000, 0x00000000d5580000)
  object space 570880K, 99% used [0x0000000080000000,0x00000000a2d202d0,0x00000000a2d80000)
 Metaspace       used 70086K, committed 71616K, reserved 1114112K
  class space    used 7522K, committed 8192K, reserved 1048576K
}
Event: 80000.229 GC heap before
{Heap before GC invocations=527 (full 3):
 PSYoungGen      total 4096K, used 3791K [0x00000000d5580000, 0x00000000d5d00000, 0x0000000100000000)
  eden space 3072K, 99% used [0x00000000d5580000,0x00000000d587ffe8,0x00000000d5880000)
  from space 1024K, 70% used [0x00000000d5b00000,0x00000000d5bb4010,0x00000000d5c00000)
  to   space 1024K, 0% used [0x00000000d5c00000,0x00000000d5c00000,0x00000000d5d00000)
 ParOldGen       total 570880K, used 570496K [0x0000000080000000, 0x00000000a2d80000, 0x00000000d5580000)
  object space 570880K, 99% used [0x0000000080000000,0x00000000a2d202d0,0x00000000a2d80000)
 Metaspace       used 70284K, committed 71808K, reserved 1114112K
  class space    used 7528K, committed 8192K, reserved 1048576K
}
Event: 80000.317 GC heap after
{Heap after GC invocations=527 (full 3):
 PSYoungGen      total 4096K, used 608K [0x00000000d5580000, 0x00000000d5d00000, 0x0000000100000000)
  eden space 3072K, 0% used [0x00000000d5580000,0x00000000d5580000,0x00000000d5880000)
  from space 1024K, 59% used [0x00000000d5c00000,0x00000000d5c98020,0x00000000d5d00000)
  to   space 1024K, 0% used [0x00000000d5b00000,0x00000000d5b00000,0x00000000d5c00000)
 ParOldGen       total 570880K, used 570704K [0x0000000080000000, 0x00000000a2d80000, 0x00000000d5580000)
  object space 570880K, 99% used [0x0000000080000000,0x00000000a2d542d0,0x00000000a2d80000)
 Metaspace       used 70284K, committed 71808K, reserved 1114112K
  class space    used 7528K, committed 8192K, reserved 1048576K
}

Dll operation events (14 events):
Event: 0.010 Loaded shared library c:\Users\carol\.vscode\extensions\redhat.java-1.45.0-win32-x64\jre\21.0.8-win32-x86_64\bin\java.dll
Event: 0.032 Loaded shared library c:\Users\carol\.vscode\extensions\redhat.java-1.45.0-win32-x64\jre\21.0.8-win32-x86_64\bin\zip.dll
Event: 0.093 Loaded shared library C:\Users\carol\.vscode\extensions\redhat.java-1.45.0-win32-x64\jre\21.0.8-win32-x86_64\bin\instrument.dll
Event: 0.097 Loaded shared library C:\Users\carol\.vscode\extensions\redhat.java-1.45.0-win32-x64\jre\21.0.8-win32-x86_64\bin\net.dll
Event: 0.101 Loaded shared library C:\Users\carol\.vscode\extensions\redhat.java-1.45.0-win32-x64\jre\21.0.8-win32-x86_64\bin\nio.dll
Event: 0.105 Loaded shared library C:\Users\carol\.vscode\extensions\redhat.java-1.45.0-win32-x64\jre\21.0.8-win32-x86_64\bin\zip.dll
Event: 0.127 Loaded shared library C:\Users\carol\.vscode\extensions\redhat.java-1.45.0-win32-x64\jre\21.0.8-win32-x86_64\bin\jimage.dll
Event: 0.211 Loaded shared library c:\Users\carol\.vscode\extensions\redhat.java-1.45.0-win32-x64\jre\21.0.8-win32-x86_64\bin\verify.dll
Event: 1.166 Loaded shared library C:\Users\carol\AppData\Roaming\Code\User\globalStorage\redhat.java\1.45.0\config_win\org.eclipse.equinox.launcher\org.eclipse.equinox.launcher.win32.win32.x86_64_1.2.1400.v20250801-0854\eclipse_11916.dll
Event: 2.186 Loaded shared library C:\Users\carol\.vscode\extensions\redhat.java-1.45.0-win32-x64\jre\21.0.8-win32-x86_64\bin\management.dll
Event: 2.191 Loaded shared library C:\Users\carol\.vscode\extensions\redhat.java-1.45.0-win32-x64\jre\21.0.8-win32-x86_64\bin\management_ext.dll
Event: 3.404 Loaded shared library C:\Users\carol\AppData\Local\Temp\jna-94431409\jna17297156036342579232.dll
Event: 3.838 Loaded shared library C:\Users\carol\.vscode\extensions\redhat.java-1.45.0-win32-x64\jre\21.0.8-win32-x86_64\bin\sunmscapi.dll
Event: 3.978 Loaded shared library C:\Users\carol\.vscode\extensions\redhat.java-1.45.0-win32-x64\jre\21.0.8-win32-x86_64\bin\extnet.dll

Deoptimization events (20 events):
Event: 80000.393 Thread 0x0000015375e6d3a0 Uncommon trap: trap_request=0xffffffde fr.pc=0x00000153620e1e5c relative=0x00000000000002fc
Event: 80000.393 Thread 0x0000015375e6d3a0 Uncommon trap: reason=class_check action=maybe_recompile pc=0x00000153620e1e5c method=org.eclipse.jdt.internal.compiler.parser.Parser.fetchNextToken()Lorg/eclipse/jdt/internal/compiler/parser/TerminalToken; @ 4 c2
Event: 80000.393 Thread 0x0000015375e6d3a0 DEOPT PACKING pc=0x00000153620e1e5c sp=0x00000024f57fe9f0
Event: 80000.393 Thread 0x0000015375e6d3a0 DEOPT UNPACKING pc=0x00000153611d3aa2 sp=0x00000024f57fe9a0 mode 2
Event: 80000.393 Thread 0x0000015375e6d3a0 Uncommon trap: trap_request=0xffffffde fr.pc=0x0000015361f64fcc relative=0x00000000000002ec
Event: 80000.393 Thread 0x0000015375e6d3a0 Uncommon trap: reason=class_check action=maybe_recompile pc=0x0000015361f64fcc method=org.eclipse.jdt.internal.compiler.parser.Scanner.getNextToken()Lorg/eclipse/jdt/internal/compiler/parser/TerminalToken; @ 52 c2
Event: 80000.393 Thread 0x0000015375e6d3a0 DEOPT PACKING pc=0x0000015361f64fcc sp=0x00000024f57fe990
Event: 80000.393 Thread 0x0000015375e6d3a0 DEOPT UNPACKING pc=0x00000153611d3aa2 sp=0x00000024f57fe938 mode 2
Event: 80000.393 Thread 0x0000015375e6d3a0 Uncommon trap: trap_request=0xffffffde fr.pc=0x00000153620d6220 relative=0x0000000000000340
Event: 80000.393 Thread 0x0000015375e6d3a0 Uncommon trap: reason=class_check action=maybe_recompile pc=0x00000153620d6220 method=org.eclipse.jdt.internal.compiler.parser.Parser.pushIdentifier()V @ 5 c2
Event: 80000.393 Thread 0x0000015375e6d3a0 DEOPT PACKING pc=0x00000153620d6220 sp=0x00000024f57fe900
Event: 80000.393 Thread 0x0000015375e6d3a0 DEOPT UNPACKING pc=0x00000153611d3aa2 sp=0x00000024f57fe840 mode 2
Event: 80000.394 Thread 0x0000015375e6d3a0 Uncommon trap: trap_request=0xffffffde fr.pc=0x00000153620d6220 relative=0x0000000000000340
Event: 80000.394 Thread 0x0000015375e6d3a0 Uncommon trap: reason=class_check action=maybe_recompile pc=0x00000153620d6220 method=org.eclipse.jdt.internal.compiler.parser.Parser.pushIdentifier()V @ 5 c2
Event: 80000.394 Thread 0x0000015375e6d3a0 DEOPT PACKING pc=0x00000153620d6220 sp=0x00000024f57fe900
Event: 80000.394 Thread 0x0000015375e6d3a0 DEOPT UNPACKING pc=0x00000153611d3aa2 sp=0x00000024f57fe840 mode 2
Event: 80000.394 Thread 0x0000015375e6d3a0 Uncommon trap: trap_request=0xffffffde fr.pc=0x00000153620d6220 relative=0x0000000000000340
Event: 80000.394 Thread 0x0000015375e6d3a0 Uncommon trap: reason=class_check action=maybe_recompile pc=0x00000153620d6220 method=org.eclipse.jdt.internal.compiler.parser.Parser.pushIdentifier()V @ 5 c2
Event: 80000.394 Thread 0x0000015375e6d3a0 DEOPT PACKING pc=0x00000153620d6220 sp=0x00000024f57fe900
Event: 80000.394 Thread 0x0000015375e6d3a0 DEOPT UNPACKING pc=0x00000153611d3aa2 sp=0x00000024f57fe840 mode 2

Classes loaded (20 events):
Event: 12.356 Loading class java/util/stream/ReduceOps$1ReducingSink
Event: 12.357 Loading class java/util/stream/ReduceOps$1ReducingSink done
Event: 14.563 Loading class sun/security/ssl/Alert
Event: 14.564 Loading class sun/security/ssl/Alert done
Event: 14.564 Loading class sun/security/ssl/Alert$AlertConsumer
Event: 14.564 Loading class sun/security/ssl/Alert$AlertConsumer done
Event: 14.565 Loading class sun/security/ssl/Alert$Level
Event: 14.565 Loading class sun/security/ssl/Alert$Level done
Event: 21.604 Loading class jdk/internal/event/SecurityPropertyModificationEvent
Event: 21.605 Loading class jdk/internal/event/SecurityPropertyModificationEvent done
Event: 21.792 Loading class java/util/LinkedList$LLSpliterator
Event: 21.792 Loading class java/util/LinkedList$LLSpliterator done
Event: 21.800 Loading class java/util/zip/CheckedInputStream
Event: 21.801 Loading class java/util/zip/CheckedInputStream done
Event: 21.853 Loading class javax/xml/transform/TransformerConfigurationException
Event: 21.854 Loading class javax/xml/transform/TransformerConfigurationException done
Event: 21.959 Loading class java/util/zip/GZIPInputStream$1
Event: 21.960 Loading class java/util/zip/GZIPInputStream$1 done
Event: 22.177 Loading class jdk/internal/ref/CleanerImpl$InnocuousThreadFactory
Event: 22.178 Loading class jdk/internal/ref/CleanerImpl$InnocuousThreadFactory done

Classes unloaded (11 events):
Event: 2.657 Thread 0x0000015356ad4470 Unloading class 0x00000153011aa400 'java/lang/invoke/LambdaForm$MH+0x00000153011aa400'
Event: 2.657 Thread 0x0000015356ad4470 Unloading class 0x00000153011aa000 'java/lang/invoke/LambdaForm$MH+0x00000153011aa000'
Event: 2.657 Thread 0x0000015356ad4470 Unloading class 0x00000153011a9c00 'java/lang/invoke/LambdaForm$MH+0x00000153011a9c00'
Event: 2.657 Thread 0x0000015356ad4470 Unloading class 0x00000153011a9800 'java/lang/invoke/LambdaForm$MH+0x00000153011a9800'
Event: 2.657 Thread 0x0000015356ad4470 Unloading class 0x00000153011a9400 'java/lang/invoke/LambdaForm$BMH+0x00000153011a9400'
Event: 2.657 Thread 0x0000015356ad4470 Unloading class 0x00000153011a9000 'java/lang/invoke/LambdaForm$DMH+0x00000153011a9000'
Event: 2.657 Thread 0x0000015356ad4470 Unloading class 0x00000153011a8000 'java/lang/invoke/LambdaForm$DMH+0x00000153011a8000'
Event: 3.892 Thread 0x0000015356ad4470 Unloading class 0x000001530135ac00 'java/lang/invoke/LambdaForm$MH+0x000001530135ac00'
Event: 3.892 Thread 0x0000015356ad4470 Unloading class 0x000001530135a000 'java/lang/invoke/LambdaForm$MH+0x000001530135a000'
Event: 3.892 Thread 0x0000015356ad4470 Unloading class 0x0000015301359c00 'java/lang/invoke/LambdaForm$MH+0x0000015301359c00'
Event: 3.892 Thread 0x0000015356ad4470 Unloading class 0x0000015301358800 'java/lang/invoke/LambdaForm$MH+0x0000015301358800'

Classes redefined (0 events):
No events

Internal exceptions (20 events):
Event: 12.184 Thread 0x0000015377017d50 Exception <a 'java/lang/IncompatibleClassChangeError'{0x00000000d5a15fb0}: Found class java.lang.Object, but interface was expected> (0x00000000d5a15fb0) 
thrown [s\src\hotspot\share\interpreter\linkResolver.cpp, line 840]
Event: 12.205 Thread 0x0000015377166de0 Exception <a 'java/lang/ArrayIndexOutOfBoundsException'{0x00000000d5bc6730}> (0x00000000d5bc6730) 
thrown [s\src\hotspot\share\runtime\sharedRuntime.cpp, line 625]
Event: 12.288 Thread 0x0000015375e79910 Exception <a 'sun/nio/fs/WindowsException'{0x00000000d57e6668}> (0x00000000d57e6668) 
thrown [s\src\hotspot\share\prims\jni.cpp, line 520]
Event: 12.289 Thread 0x0000015375e79910 Exception <a 'sun/nio/fs/WindowsException'{0x00000000d57e6ca8}> (0x00000000d57e6ca8) 
thrown [s\src\hotspot\share\prims\jni.cpp, line 520]
Event: 12.322 Thread 0x0000015375e750e0 Implicit null exception at 0x0000015361f1b235 to 0x0000015361f1bbd0
Event: 12.323 Thread 0x0000015375e750e0 Implicit null exception at 0x0000015361c97e60 to 0x0000015361c9848c
Event: 20.876 Thread 0x0000015375e750e0 Exception <a 'sun/nio/fs/WindowsException'{0x00000000d56492b8}> (0x00000000d56492b8) 
thrown [s\src\hotspot\share\prims\jni.cpp, line 520]
Event: 21.422 Thread 0x0000015375e750e0 Exception <a 'sun/nio/fs/WindowsException'{0x00000000d5952f60}> (0x00000000d5952f60) 
thrown [s\src\hotspot\share\prims\jni.cpp, line 520]
Event: 21.631 Thread 0x0000015377166750 Exception <a 'java/lang/ArrayIndexOutOfBoundsException'{0x00000000d5a05498}> (0x00000000d5a05498) 
thrown [s\src\hotspot\share\runtime\sharedRuntime.cpp, line 625]
Event: 21.672 Thread 0x0000015375e6d3a0 Exception <a 'sun/nio/fs/WindowsException'{0x00000000d5861ac8}> (0x00000000d5861ac8) 
thrown [s\src\hotspot\share\prims\jni.cpp, line 520]
Event: 21.673 Thread 0x0000015375e6d3a0 Exception <a 'sun/nio/fs/WindowsException'{0x00000000d58623d8}> (0x00000000d58623d8) 
thrown [s\src\hotspot\share\prims\jni.cpp, line 520]
Event: 21.677 Thread 0x0000015375e6d3a0 Exception <a 'sun/nio/fs/WindowsException'{0x00000000d58aad38}> (0x00000000d58aad38) 
thrown [s\src\hotspot\share\prims\jni.cpp, line 520]
Event: 21.678 Thread 0x0000015375e6d3a0 Exception <a 'sun/nio/fs/WindowsException'{0x00000000d58ab628}> (0x00000000d58ab628) 
thrown [s\src\hotspot\share\prims\jni.cpp, line 520]
Event: 21.690 Thread 0x0000015375e6d3a0 Exception <a 'sun/nio/fs/WindowsException'{0x00000000d58c4870}> (0x00000000d58c4870) 
thrown [s\src\hotspot\share\prims\jni.cpp, line 520]
Event: 21.690 Thread 0x0000015375e6d3a0 Exception <a 'sun/nio/fs/WindowsException'{0x00000000d58c5160}> (0x00000000d58c5160) 
thrown [s\src\hotspot\share\prims\jni.cpp, line 520]
Event: 21.799 Thread 0x0000015377166750 Exception <a 'java/lang/NoSuchMethodError'{0x00000000d5855a88}: 'java.lang.Object java.lang.invoke.DirectMethodHandle$Holder.invokeStaticInit(java.lang.Object, java.lang.Object, java.lang.Object)'> (0x00000000d5855a88) 
thrown [s\src\hotspot\share\interpreter\linkResolver.cpp, line 773]
Event: 22.591 Thread 0x0000015377168820 Exception <a 'java/lang/NoSuchMethodError'{0x00000000d57df008}: 'java.lang.Object java.lang.invoke.DirectMethodHandle$Holder.invokeStatic(java.lang.Object, int, java.lang.Object, java.lang.Object, java.lang.Object, java.lang.Object)'> (0x00000000d57df008) 
thrown [s\src\hotspot\share\interpreter\linkResolver.cpp, line 773]
Event: 22.890 Thread 0x0000015377168820 Exception <a 'java/lang/NoSuchMethodError'{0x00000000d55a89c8}: 'void java.lang.invoke.DirectMethodHandle$Holder.invokeSpecial(java.lang.Object, java.lang.Object, int)'> (0x00000000d55a89c8) 
thrown [s\src\hotspot\share\interpreter\linkResolver.cpp, line 773]
Event: 115.268 Thread 0x0000015377017d50 Exception <a 'java/lang/IncompatibleClassChangeError'{0x00000000d57140c8}: Found class java.lang.Object, but interface was expected> (0x00000000d57140c8) 
thrown [s\src\hotspot\share\interpreter\linkResolver.cpp, line 840]
Event: 80000.186 Thread 0x0000015377017d50 Exception <a 'java/lang/IncompatibleClassChangeError'{0x00000000d5804998}: Found class java.lang.Object, but interface was expected> (0x00000000d5804998) 
thrown [s\src\hotspot\share\interpreter\linkResolver.cpp, line 840]

ZGC Phase Switch (0 events):
No events

VM Operations (20 events):
Event: 118017.839 Executing VM operation: HandshakeAllThreads (HandshakeForDeflation)
Event: 118017.839 Executing VM operation: HandshakeAllThreads (HandshakeForDeflation) done
Event: 118017.839 Executing VM operation: RendezvousGCThreads
Event: 118017.839 Executing VM operation: RendezvousGCThreads done
Event: 118137.987 Executing VM operation: HandshakeAllThreads (HandshakeForDeflation)
Event: 118137.987 Executing VM operation: HandshakeAllThreads (HandshakeForDeflation) done
Event: 118137.987 Executing VM operation: RendezvousGCThreads
Event: 118137.987 Executing VM operation: RendezvousGCThreads done
Event: 118378.417 Executing VM operation: HandshakeAllThreads (HandshakeForDeflation)
Event: 118378.418 Executing VM operation: HandshakeAllThreads (HandshakeForDeflation) done
Event: 118378.418 Executing VM operation: RendezvousGCThreads
Event: 118378.418 Executing VM operation: RendezvousGCThreads done
Event: 118438.526 Executing VM operation: HandshakeAllThreads (HandshakeForDeflation)
Event: 118438.527 Executing VM operation: HandshakeAllThreads (HandshakeForDeflation) done
Event: 118438.527 Executing VM operation: RendezvousGCThreads
Event: 118438.527 Executing VM operation: RendezvousGCThreads done
Event: 118618.793 Executing VM operation: HandshakeAllThreads (HandshakeForDeflation)
Event: 118618.793 Executing VM operation: HandshakeAllThreads (HandshakeForDeflation) done
Event: 118618.793 Executing VM operation: RendezvousGCThreads
Event: 118618.793 Executing VM operation: RendezvousGCThreads done

Memory protections (0 events):
No events

Nmethod flushes (20 events):
Event: 8.680 Thread 0x0000015356ad4470 flushing  nmethod 0x000001535a656f90
Event: 8.680 Thread 0x0000015356ad4470 flushing  nmethod 0x000001535a662090
Event: 8.680 Thread 0x0000015356ad4470 flushing  nmethod 0x000001535a666f90
Event: 8.680 Thread 0x0000015356ad4470 flushing  nmethod 0x000001535a694110
Event: 8.680 Thread 0x0000015356ad4470 flushing  nmethod 0x000001535a696490
Event: 8.680 Thread 0x0000015356ad4470 flushing  nmethod 0x000001535a697510
Event: 8.680 Thread 0x0000015356ad4470 flushing  nmethod 0x000001535a698490
Event: 8.680 Thread 0x0000015356ad4470 flushing  nmethod 0x000001535a698a90
Event: 8.680 Thread 0x0000015356ad4470 flushing  nmethod 0x000001535a698e10
Event: 8.680 Thread 0x0000015356ad4470 flushing  nmethod 0x000001535a699690
Event: 8.680 Thread 0x0000015356ad4470 flushing  nmethod 0x000001535a69b510
Event: 8.680 Thread 0x0000015356ad4470 flushing  nmethod 0x000001535a6bce90
Event: 8.680 Thread 0x0000015356ad4470 flushing  nmethod 0x000001535a6d3590
Event: 8.680 Thread 0x0000015356ad4470 flushing  nmethod 0x000001535a6e1810
Event: 8.680 Thread 0x0000015356ad4470 flushing  nmethod 0x000001535a740910
Event: 8.680 Thread 0x0000015356ad4470 flushing  nmethod 0x000001535a750210
Event: 8.680 Thread 0x0000015356ad4470 flushing  nmethod 0x000001535a759d10
Event: 8.680 Thread 0x0000015356ad4470 flushing  nmethod 0x000001535a766690
Event: 8.680 Thread 0x0000015356ad4470 flushing  nmethod 0x000001535a77d690
Event: 8.680 Thread 0x0000015356ad4470 flushing  nmethod 0x000001535a785690

Events (20 events):
Event: 311.681 Thread 0x0000015377162c40 Thread exited: 0x0000015377162c40
Event: 323.191 Thread 0x0000015375e6d3a0 Thread exited: 0x0000015375e6d3a0
Event: 383.204 Thread 0x0000015377167b00 Thread exited: 0x0000015377167b00
Event: 443.266 Thread 0x00000153770148d0 Thread exited: 0x00000153770148d0
Event: 503.270 Thread 0x0000015377169bd0 Thread exited: 0x0000015377169bd0
Event: 563.270 Thread 0x0000015377168190 Thread exited: 0x0000015377168190
Event: 623.283 Thread 0x0000015375e6e0c0 Thread exited: 0x0000015375e6e0c0
Event: 683.293 Thread 0x0000015377168eb0 Thread exited: 0x0000015377168eb0
Event: 80000.193 Thread 0x0000015377017d50 Thread added: 0x0000015375e6d3a0
Event: 80000.418 Thread 0x0000015356bf82a0 Thread added: 0x0000015375a4be50
Event: 80000.418 Thread 0x0000015356bf82a0 Thread added: 0x0000015375a4b780
Event: 80000.418 Thread 0x0000015356bf82a0 Thread added: 0x0000015375a4f4d0
Event: 80000.418 Thread 0x0000015356bf82a0 Thread added: 0x0000015375a4d2c0
Event: 80000.418 Thread 0x0000015356bf82a0 Thread added: 0x0000015375a4c520
Event: 80002.135 Thread 0x0000015375a4c520 Thread exited: 0x0000015375a4c520
Event: 80002.135 Thread 0x0000015375a4d2c0 Thread exited: 0x0000015375a4d2c0
Event: 80002.135 Thread 0x0000015375a4f4d0 Thread exited: 0x0000015375a4f4d0
Event: 80002.138 Thread 0x0000015375a4b780 Thread exited: 0x0000015375a4b780
Event: 80002.139 Thread 0x0000015375a4be50 Thread exited: 0x0000015375a4be50
Event: 80062.151 Thread 0x0000015375e6d3a0 Thread exited: 0x0000015375e6d3a0


Dynamic libraries:
0x00007ff6bbab0000 - 0x00007ff6bbabe000 	c:\Users\carol\.vscode\extensions\redhat.java-1.45.0-win32-x64\jre\21.0.8-win32-x86_64\bin\java.exe
0x00007ffb42620000 - 0x00007ffb42889000 	C:\WINDOWS\SYSTEM32\ntdll.dll
0x00007ffb40440000 - 0x00007ffb40509000 	C:\WINDOWS\System32\KERNEL32.DLL
0x00007ffb3fe60000 - 0x00007ffb40253000 	C:\WINDOWS\System32\KERNELBASE.dll
0x00007ffb3f920000 - 0x00007ffb3fa6b000 	C:\WINDOWS\System32\ucrtbase.dll
0x00007ffb3bec0000 - 0x00007ffb3bed8000 	c:\Users\carol\.vscode\extensions\redhat.java-1.45.0-win32-x64\jre\21.0.8-win32-x86_64\bin\jli.dll
0x00007ffb3bf50000 - 0x00007ffb3bf6e000 	c:\Users\carol\.vscode\extensions\redhat.java-1.45.0-win32-x64\jre\21.0.8-win32-x86_64\bin\VCRUNTIME140.dll
0x00007ffb40760000 - 0x00007ffb40924000 	C:\WINDOWS\System32\USER32.dll
0x00007ffb403c0000 - 0x00007ffb403e7000 	C:\WINDOWS\System32\win32u.dll
0x00007ffb42390000 - 0x00007ffb423bb000 	C:\WINDOWS\System32\GDI32.dll
0x00007ffb249f0000 - 0x00007ffb24c83000 	C:\WINDOWS\WinSxS\amd64_microsoft.windows.common-controls_6595b64144ccf1df_6.0.26100.5074_none_3e0d6f78e32fd63f\COMCTL32.dll
0x00007ffb3fa70000 - 0x00007ffb3fb9d000 	C:\WINDOWS\System32\gdi32full.dll
0x00007ffb42140000 - 0x00007ffb421e9000 	C:\WINDOWS\System32\msvcrt.dll
0x00007ffb3fdb0000 - 0x00007ffb3fe53000 	C:\WINDOWS\System32\msvcp_win.dll
0x00007ffb40930000 - 0x00007ffb4095f000 	C:\WINDOWS\System32\IMM32.DLL
0x00007ffb3c320000 - 0x00007ffb3c32c000 	c:\Users\carol\.vscode\extensions\redhat.java-1.45.0-win32-x64\jre\21.0.8-win32-x86_64\bin\vcruntime140_1.dll
0x00007ffb2c6b0000 - 0x00007ffb2c73d000 	c:\Users\carol\.vscode\extensions\redhat.java-1.45.0-win32-x64\jre\21.0.8-win32-x86_64\bin\msvcp140.dll
0x00007ffa3c5d0000 - 0x00007ffa3d367000 	c:\Users\carol\.vscode\extensions\redhat.java-1.45.0-win32-x64\jre\21.0.8-win32-x86_64\bin\server\jvm.dll
0x00007ffb40a60000 - 0x00007ffb40b14000 	C:\WINDOWS\System32\ADVAPI32.dll
0x00007ffb406b0000 - 0x00007ffb40756000 	C:\WINDOWS\System32\sechost.dll
0x00007ffb421f0000 - 0x00007ffb42308000 	C:\WINDOWS\System32\RPCRT4.dll
0x00007ffb42310000 - 0x00007ffb42384000 	C:\WINDOWS\System32\WS2_32.dll
0x00007ffb3f610000 - 0x00007ffb3f66e000 	C:\WINDOWS\SYSTEM32\POWRPROF.dll
0x00007ffb36ab0000 - 0x00007ffb36ae5000 	C:\WINDOWS\SYSTEM32\WINMM.dll
0x00007ffb27460000 - 0x00007ffb2746b000 	C:\WINDOWS\SYSTEM32\VERSION.dll
0x00007ffb3f5f0000 - 0x00007ffb3f604000 	C:\WINDOWS\SYSTEM32\UMPDC.dll
0x00007ffb3e560000 - 0x00007ffb3e57b000 	C:\WINDOWS\SYSTEM32\kernel.appcore.dll
0x00007ffb3a750000 - 0x00007ffb3a75a000 	c:\Users\carol\.vscode\extensions\redhat.java-1.45.0-win32-x64\jre\21.0.8-win32-x86_64\bin\jimage.dll
0x00007ffb3c5d0000 - 0x00007ffb3c812000 	C:\WINDOWS\SYSTEM32\DBGHELP.DLL
0x00007ffb41d70000 - 0x00007ffb420eb000 	C:\WINDOWS\System32\combase.dll
0x00007ffb40980000 - 0x00007ffb40a57000 	C:\WINDOWS\System32\OLEAUT32.dll
0x00007ffb0f680000 - 0x00007ffb0f6bd000 	C:\WINDOWS\SYSTEM32\dbgcore.DLL
0x00007ffb40320000 - 0x00007ffb403b9000 	C:\WINDOWS\System32\bcryptPrimitives.dll
0x00007ffb38840000 - 0x00007ffb3884f000 	c:\Users\carol\.vscode\extensions\redhat.java-1.45.0-win32-x64\jre\21.0.8-win32-x86_64\bin\instrument.dll
0x00007ffb38820000 - 0x00007ffb3883f000 	c:\Users\carol\.vscode\extensions\redhat.java-1.45.0-win32-x64\jre\21.0.8-win32-x86_64\bin\java.dll
0x00007ffb41260000 - 0x00007ffb419ad000 	C:\WINDOWS\System32\SHELL32.dll
0x00007ffb3f7b0000 - 0x00007ffb3f91c000 	C:\WINDOWS\System32\wintypes.dll
0x00007ffb3d3d0000 - 0x00007ffb3dc29000 	C:\WINDOWS\SYSTEM32\windows.storage.dll
0x00007ffb41a10000 - 0x00007ffb41b00000 	C:\WINDOWS\System32\SHCORE.dll
0x00007ffb40510000 - 0x00007ffb40572000 	C:\WINDOWS\System32\shlwapi.dll
0x00007ffb3f6d0000 - 0x00007ffb3f6f9000 	C:\WINDOWS\SYSTEM32\profapi.dll
0x00007ffb387e0000 - 0x00007ffb387f8000 	c:\Users\carol\.vscode\extensions\redhat.java-1.45.0-win32-x64\jre\21.0.8-win32-x86_64\bin\zip.dll
0x00007ffb37de0000 - 0x00007ffb37df0000 	C:\Users\carol\.vscode\extensions\redhat.java-1.45.0-win32-x64\jre\21.0.8-win32-x86_64\bin\net.dll
0x00007ffb345a0000 - 0x00007ffb346bf000 	C:\WINDOWS\SYSTEM32\WINHTTP.dll
0x00007ffb3eac0000 - 0x00007ffb3eb2b000 	C:\WINDOWS\system32\mswsock.dll
0x00007ffb307e0000 - 0x00007ffb307f6000 	C:\Users\carol\.vscode\extensions\redhat.java-1.45.0-win32-x64\jre\21.0.8-win32-x86_64\bin\nio.dll
0x00007ffb37dd0000 - 0x00007ffb37de0000 	c:\Users\carol\.vscode\extensions\redhat.java-1.45.0-win32-x64\jre\21.0.8-win32-x86_64\bin\verify.dll
0x00007ffb2c480000 - 0x00007ffb2c4c4000 	C:\Users\carol\AppData\Roaming\Code\User\globalStorage\redhat.java\1.45.0\config_win\org.eclipse.equinox.launcher\org.eclipse.equinox.launcher.win32.win32.x86_64_1.2.1400.v20250801-0854\eclipse_11916.dll
0x00007ffb40fb0000 - 0x00007ffb41148000 	C:\WINDOWS\System32\ole32.dll
0x00007ffb33b50000 - 0x00007ffb33b5a000 	C:\Users\carol\.vscode\extensions\redhat.java-1.45.0-win32-x64\jre\21.0.8-win32-x86_64\bin\management.dll
0x00007ffb2f570000 - 0x00007ffb2f57b000 	C:\Users\carol\.vscode\extensions\redhat.java-1.45.0-win32-x64\jre\21.0.8-win32-x86_64\bin\management_ext.dll
0x00007ffb403f0000 - 0x00007ffb403f8000 	C:\WINDOWS\System32\PSAPI.DLL
0x00007ffb3ed20000 - 0x00007ffb3ed3b000 	C:\WINDOWS\SYSTEM32\CRYPTSP.dll
0x00007ffb3e4c0000 - 0x00007ffb3e4fb000 	C:\WINDOWS\system32\rsaenh.dll
0x00007ffb3eb60000 - 0x00007ffb3eb8b000 	C:\WINDOWS\SYSTEM32\USERENV.dll
0x00007ffb3f6a0000 - 0x00007ffb3f6c6000 	C:\WINDOWS\SYSTEM32\bcrypt.dll
0x00007ffb3ed40000 - 0x00007ffb3ed4c000 	C:\WINDOWS\SYSTEM32\CRYPTBASE.dll
0x00007ffb3e0a0000 - 0x00007ffb3e0d4000 	C:\WINDOWS\SYSTEM32\IPHLPAPI.DLL
0x00007ffb40430000 - 0x00007ffb4043a000 	C:\WINDOWS\System32\NSI.dll
0x00007ffb2c3e0000 - 0x00007ffb2c429000 	C:\Users\carol\AppData\Local\Temp\jna-94431409\jna17297156036342579232.dll
0x00007ffb38bc0000 - 0x00007ffb38bde000 	C:\WINDOWS\SYSTEM32\dhcpcsvc6.DLL
0x00007ffb38b40000 - 0x00007ffb38b63000 	C:\WINDOWS\SYSTEM32\dhcpcsvc.DLL
0x00007ffb2f420000 - 0x00007ffb2f42e000 	C:\Users\carol\.vscode\extensions\redhat.java-1.45.0-win32-x64\jre\21.0.8-win32-x86_64\bin\sunmscapi.dll
0x00007ffb3fba0000 - 0x00007ffb3fd17000 	C:\WINDOWS\System32\CRYPT32.dll
0x00007ffb3efd0000 - 0x00007ffb3f000000 	C:\WINDOWS\SYSTEM32\ncrypt.dll
0x00007ffb3ef80000 - 0x00007ffb3efbf000 	C:\WINDOWS\SYSTEM32\NTASN1.dll
0x00007ffb3e0e0000 - 0x00007ffb3e206000 	C:\WINDOWS\SYSTEM32\DNSAPI.dll
0x00007ffb37690000 - 0x00007ffb3769b000 	C:\Windows\System32\rasadhlp.dll
0x00007ffb391e0000 - 0x00007ffb39266000 	C:\WINDOWS\System32\fwpuclnt.dll
0x00007ffb2f380000 - 0x00007ffb2f389000 	C:\Users\carol\.vscode\extensions\redhat.java-1.45.0-win32-x64\jre\21.0.8-win32-x86_64\bin\extnet.dll

JVMTI agents:
c:\Users\carol\.vscode\extensions\redhat.java-1.45.0-win32-x64\lombok\lombok-1.18.39-4050.jar path:c:\Users\carol\.vscode\extensions\redhat.java-1.45.0-win32-x64\jre\21.0.8-win32-x86_64\bin\instrument.dll, loaded, initialized, instrumentlib options:none

dbghelp: loaded successfully - version: 4.0.5 - missing functions: none
symbol engine: initialized successfully - sym options: 0x614 - pdb path: .;c:\Users\carol\.vscode\extensions\redhat.java-1.45.0-win32-x64\jre\21.0.8-win32-x86_64\bin;C:\WINDOWS\SYSTEM32;C:\WINDOWS\WinSxS\amd64_microsoft.windows.common-controls_6595b64144ccf1df_6.0.26100.5074_none_3e0d6f78e32fd63f;c:\Users\carol\.vscode\extensions\redhat.java-1.45.0-win32-x64\jre\21.0.8-win32-x86_64\bin\server;C:\Users\carol\AppData\Roaming\Code\User\globalStorage\redhat.java\1.45.0\config_win\org.eclipse.equinox.launcher\org.eclipse.equinox.launcher.win32.win32.x86_64_1.2.1400.v20250801-0854;C:\Users\carol\AppData\Local\Temp\jna-94431409

VM Arguments:
jvm_args: --add-modules=ALL-SYSTEM --add-opens=java.base/java.util=ALL-UNNAMED --add-opens=java.base/java.lang=ALL-UNNAMED --add-opens=java.base/sun.nio.fs=ALL-UNNAMED -Declipse.application=org.eclipse.jdt.ls.core.id1 -Dosgi.bundles.defaultStartLevel=4 -Declipse.product=org.eclipse.jdt.ls.core.product -Djava.import.generatesMetadataFilesAtProjectRoot=false -DDetectVMInstallationsJob.disabled=true -Dfile.encoding=utf8 -XX:+UseParallelGC -XX:GCTimeRatio=4 -XX:AdaptiveSizePolicyWeight=90 -Dsun.zip.disableMemoryMapping=true -Xmx2G -Xms100m -Xlog:disable -javaagent:c:\Users\carol\.vscode\extensions\redhat.java-1.45.0-win32-x64\lombok\lombok-1.18.39-4050.jar -XX:+HeapDumpOnOutOfMemoryError -XX:HeapDumpPath=c:\Users\carol\AppData\Roaming\Code\User\workspaceStorage\618500fd919864b5484059fab9739cbe\redhat.java -Daether.dependencyCollector.impl=bf 
java_command: c:\Users\carol\.vscode\extensions\redhat.java-1.45.0-win32-x64\server\plugins\org.eclipse.equinox.launcher_1.7.0.v20250519-0528.jar -configuration c:\Users\carol\AppData\Roaming\Code\User\globalStorage\redhat.java\1.45.0\config_win -data c:\Users\carol\AppData\Roaming\Code\User\workspaceStorage\618500fd919864b5484059fab9739cbe\redhat.java\jdt_ws --pipe=\\.\pipe\lsp-46edfc3a263efff0fd46bb9ed80af3e3-sock
java_class_path (initial): c:\Users\carol\.vscode\extensions\redhat.java-1.45.0-win32-x64\server\plugins\org.eclipse.equinox.launcher_1.7.0.v20250519-0528.jar
Launcher Type: SUN_STANDARD

[Global flags]
    uintx AdaptiveSizePolicyWeight                 = 90                                        {product} {command line}
     intx CICompilerCount                          = 12                                        {product} {ergonomic}
    uintx GCTimeRatio                              = 4                                         {product} {command line}
     bool HeapDumpOnOutOfMemoryError               = true                                   {manageable} {command line}
    ccstr HeapDumpPath                             = c:\Users\carol\AppData\Roaming\Code\User\workspaceStorage\618500fd919864b5484059fab9739cbe\redhat.java         {manageable} {command line}
   size_t InitialHeapSize                          = 104857600                                 {product} {command line}
   size_t MaxHeapSize                              = 2147483648                                {product} {command line}
   size_t MaxNewSize                               = 715653120                                 {product} {ergonomic}
   size_t MinHeapDeltaBytes                        = 524288                                    {product} {ergonomic}
   size_t MinHeapSize                              = 104857600                                 {product} {command line}
   size_t NewSize                                  = 34603008                                  {product} {ergonomic}
    uintx NonNMethodCodeHeapSize                   = 7602480                                {pd product} {ergonomic}
    uintx NonProfiledCodeHeapSize                  = 122027880                              {pd product} {ergonomic}
   size_t OldSize                                  = 70254592                                  {product} {ergonomic}
    uintx ProfiledCodeHeapSize                     = 122027880                              {pd product} {ergonomic}
    uintx ReservedCodeCacheSize                    = 251658240                              {pd product} {ergonomic}
     bool SegmentedCodeCache                       = true                                      {product} {ergonomic}
   size_t SoftMaxHeapSize                          = 2147483648                             {manageable} {ergonomic}
     bool UseCompressedOops                        = true                           {product lp64_product} {ergonomic}
     bool UseLargePagesIndividualAllocation        = false                                  {pd product} {ergonomic}
     bool UseParallelGC                            = true                                      {product} {command line}

Logging:
Log output configuration:
 #0: stdout all=off uptime,level,tags foldmultilines=false
 #1: stderr all=off uptime,level,tags foldmultilines=false

Environment Variables:
PATH=C:\Program Files\Common Files\Oracle\Java\javapath;C:\WINDOWS\system32;C:\WINDOWS;C:\WINDOWS\System32\Wbem;C:\WINDOWS\System32\WindowsPowerShell\v1.0\;C:\WINDOWS\System32\OpenSSH\;C:\Program Files\dotnet\;C:\Program Files\Git\cmd;C:\Users\carol\AppData\Local\Programs\Python\Launcher\;C:\Users\carol\AppData\Local\Microsoft\WindowsApps;C:\Users\carol\AppData\Local\Programs\Microsoft VS Code\bin;C:\Users\carol\AppData\Local\GitHubDesktop\bin;C:\Program Files\JetBrains\PyCharm 2025.2.0.1\bin
USERNAME=carol
OS=Windows_NT
PROCESSOR_IDENTIFIER=Intel64 Family 6 Model 170 Stepping 4, GenuineIntel
TMP=C:\Users\carol\AppData\Local\Temp
TEMP=C:\Users\carol\AppData\Local\Temp




Periodic native trim disabled

---------------  S Y S T E M  ---------------

OS:
 Windows 11 , 64 bit Build 26100 (10.0.26100.5074)
OS uptime: 2 days 7:29 hours
Hyper-V role detected

CPU: total 22 (initial active 22) (11 cores per cpu, 2 threads per core) family 6 model 170 stepping 4 microcode 0x1c, cx8, cmov, fxsr, ht, mmx, 3dnowpref, sse, sse2, sse3, ssse3, sse4.1, sse4.2, popcnt, lzcnt, tsc, tscinvbit, avx, avx2, aes, erms, clmul, bmi1, bmi2, adx, sha, fma, vzeroupper, clflush, clflushopt, clwb, hv, serialize, rdtscp, rdpid, fsrm, f16c, cet_ibt, cet_ss
Processor Information for processor 0
  Max Mhz: 2300, Current Mhz: 2300, Mhz Limit: 2300
Processor Information for processor 1
  Max Mhz: 2300, Current Mhz: 1478, Mhz Limit: 2300
Processor Information for processor 2
  Max Mhz: 1800, Current Mhz: 1800, Mhz Limit: 1800
Processor Information for processor 3
  Max Mhz: 1800, Current Mhz: 1500, Mhz Limit: 1800
Processor Information for processor 4
  Max Mhz: 1800, Current Mhz: 1500, Mhz Limit: 1800
Processor Information for processor 5
  Max Mhz: 1800, Current Mhz: 1800, Mhz Limit: 1800
Processor Information for processor 6
  Max Mhz: 1800, Current Mhz: 1500, Mhz Limit: 1800
Processor Information for processor 7
  Max Mhz: 1800, Current Mhz: 1500, Mhz Limit: 1800
Processor Information for processor 8
  Max Mhz: 1800, Current Mhz: 1500, Mhz Limit: 1800
Processor Information for processor 9
  Max Mhz: 1800, Current Mhz: 1800, Mhz Limit: 1800
Processor Information for processor 10
  Max Mhz: 2300, Current Mhz: 2300, Mhz Limit: 2300
Processor Information for processor 11
  Max Mhz: 2300, Current Mhz: 2300, Mhz Limit: 2300
Processor Information for processor 12
  Max Mhz: 2300, Current Mhz: 2300, Mhz Limit: 2300
Processor Information for processor 13
  Max Mhz: 2300, Current Mhz: 2300, Mhz Limit: 2300
Processor Information for processor 14
  Max Mhz: 2300, Current Mhz: 2300, Mhz Limit: 2300
Processor Information for processor 15
  Max Mhz: 2300, Current Mhz: 1478, Mhz Limit: 2300
Processor Information for processor 16
  Max Mhz: 2300, Current Mhz: 1478, Mhz Limit: 2300
Processor Information for processor 17
  Max Mhz: 2300, Current Mhz: 2300, Mhz Limit: 2300
Processor Information for processor 18
  Max Mhz: 2300, Current Mhz: 2300, Mhz Limit: 2300
Processor Information for processor 19
  Max Mhz: 2300, Current Mhz: 1478, Mhz Limit: 2300
Processor Information for processor 20
  Max Mhz: 1000, Current Mhz: 1000, Mhz Limit: 1000
Processor Information for processor 21
  Max Mhz: 1000, Current Mhz: 1000, Mhz Limit: 1000

Memory: 4k page, system-wide physical 32373M (9428M free)
TotalPageFile size 70773M (AvailPageFile size 0M)
current process WorkingSet (physical memory assigned to process): 109M, peak: 971M
current process commit charge ("private bytes"): 870M, peak: 940M

vm_info: OpenJDK 64-Bit Server VM (21.0.8+9-LTS) for windows-amd64 JRE (21.0.8+9-LTS), built on 2025-07-15T00:00:00Z by "admin" with MS VC++ 17.7 (VS2022)

END.
